# JRE version: OpenJDK Runtime Environment Temurin-17.0.3+7 (17.0.3+7) (build 17.0.3+7)
# Java VM: OpenJDK 64-Bit Server VM Temurin-17.0.3+7 (17.0.3+7, mixed mode, emulated-client, tiered, compressed oops, compressed class ptrs, g1 gc, windows-amd64)
GC Precious Log:
 CPUs: 8 total, 8 available
 Memory: 8041M
 Large Page Support: Disabled
 NUMA Support: Disabled
 Compressed Oops: Enabled (32-bit)
 Heap Region Size: 1M
 Heap Min Capacity: 8M
 Heap Initial Capacity: 126M
 Heap Max Capacity: 2012M
 Pre-touch: Disabled
 Parallel Workers: 8
 Concurrent Workers: 2
 Concurrent Refinement Workers: 8
 Periodic GC: Disabled
Heap:
 garbage-first heap   total 79872K, used 63551K [0x0000000082400000, 0x0000000100000000)
  region size 1024K, 32 young (32768K), 4 survivors (4096K)
 Metaspace       used 70109K, committed 70528K, reserved 1114112K
  class space    used 9464K, committed 9664K, reserved 1048576K
GC Heap History (20 events):
Event: 6.135 GC heap before
{Heap before GC invocations=14 (full 0):
 garbage-first heap   total 48128K, used 22129K [0x0000000082400000, 0x0000000100000000)
  region size 1024K, 3 young (3072K), 2 survivors (2048K)
 Metaspace       used 36973K, committed 37312K, reserved 1081344K
  class space    used 4669K, committed 4800K, reserved 1048576K
}
Event: 6.137 GC heap after
{Heap after GC invocations=15 (full 0):
 garbage-first heap   total 79872K, used 20984K [0x0000000082400000, 0x0000000100000000)
  region size 1024K, 1 young (1024K), 1 survivors (1024K)
 Metaspace       used 36973K, committed 37312K, reserved 1081344K
  class space    used 4669K, committed 4800K, reserved 1048576K
}
Event: 6.700 GC heap before
{Heap before GC invocations=15 (full 0):
 garbage-first heap   total 79872K, used 59896K [0x0000000082400000, 0x0000000100000000)
  region size 1024K, 39 young (39936K), 1 survivors (1024K)
 Metaspace       used 41697K, committed 42112K, reserved 1089536K
  class space    used 5376K, committed 5568K, reserved 1048576K
}
Event: 6.703 GC heap after
{Heap after GC invocations=16 (full 0):
 garbage-first heap   total 79872K, used 24571K [0x0000000082400000, 0x0000000100000000)
  region size 1024K, 4 young (4096K), 4 survivors (4096K)
 Metaspace       used 41697K, committed 42112K, reserved 1089536K
  class space    used 5376K, committed 5568K, reserved 1048576K
}
Event: 7.255 GC heap before
{Heap before GC invocations=16 (full 0):
 garbage-first heap   total 79872K, used 58363K [0x0000000082400000, 0x0000000100000000)
  region size 1024K, 37 young (37888K), 4 survivors (4096K)
 Metaspace       used 44189K, committed 44608K, reserved 1089536K
  class space    used 5702K, committed 5888K, reserved 1048576K
}
Event: 7.259 GC heap after
{Heap after GC invocations=17 (full 0):
 garbage-first heap   total 79872K, used 26323K [0x0000000082400000, 0x0000000100000000)
  region size 1024K, 2 young (2048K), 2 survivors (2048K)
 Metaspace       used 44189K, committed 44608K, reserved 1089536K
  class space    used 5702K, committed 5888K, reserved 1048576K
}
Event: 8.153 GC heap before
{Heap before GC invocations=17 (full 0):
 garbage-first heap   total 79872K, used 61139K [0x0000000082400000, 0x0000000100000000)
  region size 1024K, 36 young (36864K), 2 survivors (2048K)
 Metaspace       used 55893K, committed 56256K, reserved 1097728K
  class space    used 7355K, committed 7488K, reserved 1048576K
}
Event: 8.156 GC heap after
{Heap after GC invocations=18 (full 0):
 garbage-first heap   total 79872K, used 28786K [0x0000000082400000, 0x0000000100000000)
  region size 1024K, 5 young (5120K), 5 survivors (5120K)
 Metaspace       used 55893K, committed 56256K, reserved 1097728K
  class space    used 7355K, committed 7488K, reserved 1048576K
}
Event: 8.602 GC heap before
{Heap before GC invocations=18 (full 0):
 garbage-first heap   total 79872K, used 61554K [0x0000000082400000, 0x0000000100000000)
  region size 1024K, 37 young (37888K), 5 survivors (5120K)
 Metaspace       used 59270K, committed 59712K, reserved 1105920K
  class space    used 7838K, committed 8064K, reserved 1048576K
}
Event: 8.606 GC heap after
{Heap after GC invocations=19 (full 0):
 garbage-first heap   total 79872K, used 31320K [0x0000000082400000, 0x0000000100000000)
  region size 1024K, 3 young (3072K), 3 survivors (3072K)
 Metaspace       used 59270K, committed 59712K, reserved 1105920K
  class space    used 7838K, committed 8064K, reserved 1048576K
}
Event: 8.655 GC heap before
{Heap before GC invocations=19 (full 0):
 garbage-first heap   total 79872K, used 40536K [0x0000000082400000, 0x0000000100000000)
  region size 1024K, 13 young (13312K), 3 survivors (3072K)
 Metaspace       used 59589K, committed 60096K, reserved 1105920K
  class space    used 7882K, committed 8128K, reserved 1048576K
}
Event: 8.657 GC heap after
{Heap after GC invocations=20 (full 0):
 garbage-first heap   total 79872K, used 31671K [0x0000000082400000, 0x0000000100000000)
  region size 1024K, 3 young (3072K), 3 survivors (3072K)
 Metaspace       used 59589K, committed 60096K, reserved 1105920K
  class space    used 7882K, committed 8128K, reserved 1048576K
}
Event: 9.008 GC heap before
{Heap before GC invocations=21 (full 0):
 garbage-first heap   total 79872K, used 64439K [0x0000000082400000, 0x0000000100000000)
  region size 1024K, 35 young (35840K), 3 survivors (3072K)
 Metaspace       used 62250K, committed 62720K, reserved 1105920K
  class space    used 8405K, committed 8640K, reserved 1048576K
}
Event: 9.013 GC heap after
{Heap after GC invocations=22 (full 0):
 garbage-first heap   total 79872K, used 32377K [0x0000000082400000, 0x0000000100000000)
  region size 1024K, 2 young (2048K), 2 survivors (2048K)
 Metaspace       used 62250K, committed 62720K, reserved 1105920K
  class space    used 8405K, committed 8640K, reserved 1048576K
}
Event: 9.175 GC heap before
{Heap before GC invocations=23 (full 0):
 garbage-first heap   total 79872K, used 64121K [0x0000000082400000, 0x0000000100000000)
  region size 1024K, 33 young (33792K), 2 survivors (2048K)
 Metaspace       used 63345K, committed 63808K, reserved 1105920K
  class space    used 8549K, committed 8768K, reserved 1048576K
}
Event: 9.177 GC heap after
{Heap after GC invocations=24 (full 0):
 garbage-first heap   total 79872K, used 33101K [0x0000000082400000, 0x0000000100000000)
  region size 1024K, 3 young (3072K), 3 survivors (3072K)
 Metaspace       used 63345K, committed 63808K, reserved 1105920K
  class space    used 8549K, committed 8768K, reserved 1048576K
}
Event: 9.999 GC heap before
{Heap before GC invocations=24 (full 0):
 garbage-first heap   total 79872K, used 64845K [0x0000000082400000, 0x0000000100000000)
  region size 1024K, 34 young (34816K), 3 survivors (3072K)
 Metaspace       used 66921K, committed 67392K, reserved 1114112K
  class space    used 9047K, committed 9280K, reserved 1048576K
}
Event: 10.003 GC heap after
{Heap after GC invocations=25 (full 0):
 garbage-first heap   total 79872K, used 34687K [0x0000000082400000, 0x0000000100000000)
  region size 1024K, 4 young (4096K), 4 survivors (4096K)
 Metaspace       used 66921K, committed 67392K, reserved 1114112K
  class space    used 9047K, committed 9280K, reserved 1048576K
}
Event: 10.182 GC heap before
{Heap before GC invocations=25 (full 0):
 garbage-first heap   total 79872K, used 65407K [0x0000000082400000, 0x0000000100000000)
  region size 1024K, 34 young (34816K), 4 survivors (4096K)
 Metaspace       used 68142K, committed 68544K, reserved 1114112K
  class space    used 9221K, committed 9408K, reserved 1048576K
}
Event: 10.186 GC heap after
{Heap after GC invocations=26 (full 0):
 garbage-first heap   total 79872K, used 35903K [0x0000000082400000, 0x0000000100000000)
  region size 1024K, 4 young (4096K), 4 survivors (4096K)
 Metaspace       used 68142K, committed 68544K, reserved 1114112K
  class space    used 9221K, committed 9408K, reserved 1048576K
}

